DEBUG: Processing entry: .git, full path: /var/www/html/ignite/.git
DEBUG: Processing entry: .classpath, full path: /var/www/html/ignite/.classpath
DEBUG: Processing entry: .gitignore, full path: /var/www/html/ignite/.gitignore
DEBUG: Processing entry: .project, full path: /var/www/html/ignite/.project
DEBUG: Processing entry: .settings, full path: /var/www/html/ignite/.settings
DEBUG: Processing entry: IgniteDictionary, full path: /var/www/html/ignite/IgniteDictionary
DEBUG: Processing entry: README.md, full path: /var/www/html/ignite/README.md
DEBUG: Processing entry: apps, full path: /var/www/html/ignite/apps
DEBUG: Processing entry: bitbucket-pipelines.yml, full path: /var/www/html/ignite/bitbucket-pipelines.yml
DEBUG: Processing entry: combine.bat, full path: /var/www/html/ignite/combine.bat
DEBUG: Processing entry: combined_maven_files.txt, full path: /var/www/html/ignite/combined_maven_files.txt
DEBUG: Processing entry: docs, full path: /var/www/html/ignite/docs
DEBUG: Processing entry: ignite-api, full path: /var/www/html/ignite/ignite-api
DEBUG: Processing entry: ignite-library, full path: /var/www/html/ignite/ignite-library
DEBUG: Processing entry: ignite, full path: /var/www/html/ignite/ignite
DEBUG: Processing entry: jasper-reports, full path: /var/www/html/ignite/jasper-reports
DEBUG: Processing entry: pom.xml, full path: /var/www/html/ignite/pom.xml
DEBUG: Processing entry: .git, full path: /var/www/html/ignite/.git
DEBUG: Processing entry: .classpath, full path: /var/www/html/ignite/.classpath
DEBUG: Processing entry: .gitignore, full path: /var/www/html/ignite/.gitignore
DEBUG: Processing entry: .project, full path: /var/www/html/ignite/.project
DEBUG: Processing entry: .settings, full path: /var/www/html/ignite/.settings
DEBUG: Processing entry: IgniteDictionary, full path: /var/www/html/ignite/IgniteDictionary
DEBUG: Processing entry: README.md, full path: /var/www/html/ignite/README.md
DEBUG: Processing entry: apps, full path: /var/www/html/ignite/apps
DEBUG: Processing entry: bitbucket-pipelines.yml, full path: /var/www/html/ignite/bitbucket-pipelines.yml
DEBUG: Processing entry: combine.bat, full path: /var/www/html/ignite/combine.bat
DEBUG: Processing entry: combined_maven_files.txt, full path: /var/www/html/ignite/combined_maven_files.txt
DEBUG: Processing entry: docs, full path: /var/www/html/ignite/docs
DEBUG: Processing entry: ignite-api, full path: /var/www/html/ignite/ignite-api
DEBUG: Processing entry: ignite-library, full path: /var/www/html/ignite/ignite-library
DEBUG: Processing entry: ignite, full path: /var/www/html/ignite/ignite
DEBUG: Processing entry: jasper-reports, full path: /var/www/html/ignite/jasper-reports
DEBUG: Processing entry: pom.xml, full path: /var/www/html/ignite/pom.xml
DEBUG: Verifying item: combined_maven_files.txt in 
DEBUG: Verifying item: pom.xml in 
DEBUG: Verifying item: modules in 
DEBUG: Processing entry: .git, full path: /var/www/html/ignite/.git
DEBUG: Processing entry: .classpath, full path: /var/www/html/ignite/.classpath
DEBUG: Processing entry: .gitignore, full path: /var/www/html/ignite/.gitignore
DEBUG: Processing entry: .project, full path: /var/www/html/ignite/.project
DEBUG: Processing entry: .settings, full path: /var/www/html/ignite/.settings
DEBUG: Processing entry: IgniteDictionary, full path: /var/www/html/ignite/IgniteDictionary
DEBUG: Processing entry: README.md, full path: /var/www/html/ignite/README.md
DEBUG: Processing entry: apps, full path: /var/www/html/ignite/apps
DEBUG: Processing entry: bitbucket-pipelines.yml, full path: /var/www/html/ignite/bitbucket-pipelines.yml
DEBUG: Processing entry: combine.bat, full path: /var/www/html/ignite/combine.bat
DEBUG: Processing entry: combined_maven_files.txt, full path: /var/www/html/ignite/combined_maven_files.txt
DEBUG: Processing entry: docs, full path: /var/www/html/ignite/docs
DEBUG: Processing entry: ignite-api, full path: /var/www/html/ignite/ignite-api
DEBUG: Processing entry: ignite-library, full path: /var/www/html/ignite/ignite-library
DEBUG: Processing entry: ignite, full path: /var/www/html/ignite/ignite
DEBUG: Processing entry: jasper-reports, full path: /var/www/html/ignite/jasper-reports
DEBUG: Processing entry: pom.xml, full path: /var/www/html/ignite/pom.xml
DEBUG: Processing entry: .git, full path: /var/www/html/ignite/.git
DEBUG: Processing entry: .classpath, full path: /var/www/html/ignite/.classpath
DEBUG: Processing entry: .gitignore, full path: /var/www/html/ignite/.gitignore
DEBUG: Processing entry: .project, full path: /var/www/html/ignite/.project
DEBUG: Processing entry: .settings, full path: /var/www/html/ignite/.settings
DEBUG: Processing entry: IgniteDictionary, full path: /var/www/html/ignite/IgniteDictionary
DEBUG: Processing entry: README.md, full path: /var/www/html/ignite/README.md
DEBUG: Processing entry: apps, full path: /var/www/html/ignite/apps
DEBUG: Processing entry: bitbucket-pipelines.yml, full path: /var/www/html/ignite/bitbucket-pipelines.yml
DEBUG: Processing entry: combine.bat, full path: /var/www/html/ignite/combine.bat
DEBUG: Processing entry: combined_maven_files.txt, full path: /var/www/html/ignite/combined_maven_files.txt
DEBUG: Processing entry: docs, full path: /var/www/html/ignite/docs
DEBUG: Processing entry: ignite-api, full path: /var/www/html/ignite/ignite-api
DEBUG: Processing entry: ignite-library, full path: /var/www/html/ignite/ignite-library
DEBUG: Processing entry: ignite, full path: /var/www/html/ignite/ignite
DEBUG: Processing entry: jasper-reports, full path: /var/www/html/ignite/jasper-reports
DEBUG: Processing entry: pom.xml, full path: /var/www/html/ignite/pom.xml
DEBUG: Verifying item: combined_maven_files.txt in 
DEBUG: Verifying item: pom.xml in 
DEBUG: Verifying item: modules in 
DEBUG: Processing entry: .git, full path: /var/www/html/ignite/.git
DEBUG: Processing entry: .classpath, full path: /var/www/html/ignite/.classpath
DEBUG: Processing entry: .gitignore, full path: /var/www/html/ignite/.gitignore
DEBUG: Processing entry: .project, full path: /var/www/html/ignite/.project
DEBUG: Processing entry: .settings, full path: /var/www/html/ignite/.settings
DEBUG: Processing entry: IgniteDictionary, full path: /var/www/html/ignite/IgniteDictionary
DEBUG: Processing entry: README.md, full path: /var/www/html/ignite/README.md
DEBUG: Processing entry: apps, full path: /var/www/html/ignite/apps
DEBUG: Processing entry: bitbucket-pipelines.yml, full path: /var/www/html/ignite/bitbucket-pipelines.yml
DEBUG: Processing entry: combine.bat, full path: /var/www/html/ignite/combine.bat
DEBUG: Processing entry: combined_maven_files.txt, full path: /var/www/html/ignite/combined_maven_files.txt
DEBUG: Processing entry: docs, full path: /var/www/html/ignite/docs
DEBUG: Processing entry: ignite-api, full path: /var/www/html/ignite/ignite-api
DEBUG: Processing entry: ignite-library, full path: /var/www/html/ignite/ignite-library
DEBUG: Processing entry: ignite, full path: /var/www/html/ignite/ignite
DEBUG: Processing entry: jasper-reports, full path: /var/www/html/ignite/jasper-reports
DEBUG: Processing entry: pom.xml, full path: /var/www/html/ignite/pom.xml
DEBUG: Processing entry: .git, full path: /var/www/html/ignite/.git
DEBUG: Processing entry: .classpath, full path: /var/www/html/ignite/.classpath
DEBUG: Processing entry: .gitignore, full path: /var/www/html/ignite/.gitignore
DEBUG: Processing entry: .project, full path: /var/www/html/ignite/.project
DEBUG: Processing entry: .settings, full path: /var/www/html/ignite/.settings
DEBUG: Processing entry: IgniteDictionary, full path: /var/www/html/ignite/IgniteDictionary
DEBUG: Processing entry: README.md, full path: /var/www/html/ignite/README.md
DEBUG: Processing entry: apps, full path: /var/www/html/ignite/apps
DEBUG: Processing entry: bitbucket-pipelines.yml, full path: /var/www/html/ignite/bitbucket-pipelines.yml
DEBUG: Processing entry: combine.bat, full path: /var/www/html/ignite/combine.bat
DEBUG: Processing entry: combined_maven_files.txt, full path: /var/www/html/ignite/combined_maven_files.txt
DEBUG: Processing entry: docs, full path: /var/www/html/ignite/docs
DEBUG: Processing entry: ignite-api, full path: /var/www/html/ignite/ignite-api
DEBUG: Processing entry: ignite-library, full path: /var/www/html/ignite/ignite-library
DEBUG: Processing entry: ignite, full path: /var/www/html/ignite/ignite
DEBUG: Processing entry: jasper-reports, full path: /var/www/html/ignite/jasper-reports
DEBUG: Processing entry: pom.xml, full path: /var/www/html/ignite/pom.xml
DEBUG: Verifying item: modules in 
